<?xml version="1.0" encoding="UTF-8"?>
<!-- Generated by org.testng.reporters.JUnitReportReporter -->
<testsuite hostname="INBOOK_X2_PLUS" failures="1" tests="2" name="com.sadakar.testng.runner.RunCucumberTest" time="35.974" errors="0" timestamp="2023-04-12T17:55:20 IST" skipped="0">
  <testcase classname="com.sadakar.testng.runner.RunCucumberTest" name="runScenario" time="21.456"/>
  <system-out/>
  <testcase classname="com.sadakar.testng.runner.RunCucumberTest" name="runScenario" time="14.518">
    <failure message="URL mismatched expected [https://opensource-demo.orangehrmlive.com/web/index.php/dashboard/index] but found [https://opensource-demo.orangehrmlive.com/web/index.php/auth/login]" type="java.lang.AssertionError">
      <![CDATA[java.lang.AssertionError: URL mismatched expected [https://opensource-demo.orangehrmlive.com/web/index.php/dashboard/index] but found [https://opensource-demo.orangehrmlive.com/web/index.php/auth/login]
at org.testng.Assert.fail(Assert.java:110)
at org.testng.Assert.failNotEquals(Assert.java:1413)
at org.testng.Assert.assertEqualsImpl(Assert.java:149)
at org.testng.Assert.assertEquals(Assert.java:131)
at org.testng.Assert.assertEquals(Assert.java:655)
at com.sadakar.stepdefinitions.HRMLoginPage.validateURL(HRMLoginPage.java:36)
at âœ½.validate the URL(classpath:features/HRMLogin.feature:15)
]]>
    </failure>
  </testcase> <!-- runScenario -->
  <system-out/>
</testsuite> <!-- com.sadakar.testng.runner.RunCucumberTest -->
